mode: set
gitlab.vk-golang.com/vk-golang/lectures/03_net1/99_hw/coverage/client.go:69.80,73.19 2 1
gitlab.vk-golang.com/vk-golang/lectures/03_net1/99_hw/coverage/client.go:73.19,75.3 1 1
gitlab.vk-golang.com/vk-golang/lectures/03_net1/99_hw/coverage/client.go:76.2,76.20 1 1
gitlab.vk-golang.com/vk-golang/lectures/03_net1/99_hw/coverage/client.go:76.20,78.3 1 1
gitlab.vk-golang.com/vk-golang/lectures/03_net1/99_hw/coverage/client.go:79.2,79.20 1 1
gitlab.vk-golang.com/vk-golang/lectures/03_net1/99_hw/coverage/client.go:79.20,81.3 1 1
gitlab.vk-golang.com/vk-golang/lectures/03_net1/99_hw/coverage/client.go:84.2,96.16 10 1
gitlab.vk-golang.com/vk-golang/lectures/03_net1/99_hw/coverage/client.go:96.16,97.54 1 1
gitlab.vk-golang.com/vk-golang/lectures/03_net1/99_hw/coverage/client.go:97.54,99.4 1 1
gitlab.vk-golang.com/vk-golang/lectures/03_net1/99_hw/coverage/client.go:100.3,100.50 1 1
gitlab.vk-golang.com/vk-golang/lectures/03_net1/99_hw/coverage/client.go:102.2,105.25 3 1
gitlab.vk-golang.com/vk-golang/lectures/03_net1/99_hw/coverage/client.go:106.31,107.44 1 1
gitlab.vk-golang.com/vk-golang/lectures/03_net1/99_hw/coverage/client.go:108.38,109.53 1 1
gitlab.vk-golang.com/vk-golang/lectures/03_net1/99_hw/coverage/client.go:110.29,113.17 3 1
gitlab.vk-golang.com/vk-golang/lectures/03_net1/99_hw/coverage/client.go:113.17,115.4 1 0
gitlab.vk-golang.com/vk-golang/lectures/03_net1/99_hw/coverage/client.go:116.3,116.42 1 1
gitlab.vk-golang.com/vk-golang/lectures/03_net1/99_hw/coverage/client.go:116.42,118.4 1 1
gitlab.vk-golang.com/vk-golang/lectures/03_net1/99_hw/coverage/client.go:119.3,119.73 1 1
gitlab.vk-golang.com/vk-golang/lectures/03_net1/99_hw/coverage/client.go:122.2,124.16 3 1
gitlab.vk-golang.com/vk-golang/lectures/03_net1/99_hw/coverage/client.go:124.16,126.3 1 0
gitlab.vk-golang.com/vk-golang/lectures/03_net1/99_hw/coverage/client.go:128.2,129.28 2 1
gitlab.vk-golang.com/vk-golang/lectures/03_net1/99_hw/coverage/client.go:129.28,132.3 2 1
gitlab.vk-golang.com/vk-golang/lectures/03_net1/99_hw/coverage/client.go:132.8,134.3 1 1
gitlab.vk-golang.com/vk-golang/lectures/03_net1/99_hw/coverage/client.go:136.2,136.21 1 1
gitlab.vk-golang.com/vk-golang/lectures/03_net1/99_hw/coverage/server.go:49.59,50.44 1 1
gitlab.vk-golang.com/vk-golang/lectures/03_net1/99_hw/coverage/server.go:50.44,53.3 2 1
gitlab.vk-golang.com/vk-golang/lectures/03_net1/99_hw/coverage/server.go:55.2,56.16 2 1
gitlab.vk-golang.com/vk-golang/lectures/03_net1/99_hw/coverage/server.go:56.16,59.3 2 1
gitlab.vk-golang.com/vk-golang/lectures/03_net1/99_hw/coverage/server.go:61.2,62.16 2 1
gitlab.vk-golang.com/vk-golang/lectures/03_net1/99_hw/coverage/server.go:62.16,65.3 2 1
gitlab.vk-golang.com/vk-golang/lectures/03_net1/99_hw/coverage/server.go:66.2,67.16 2 1
gitlab.vk-golang.com/vk-golang/lectures/03_net1/99_hw/coverage/server.go:67.16,70.3 2 1
gitlab.vk-golang.com/vk-golang/lectures/03_net1/99_hw/coverage/server.go:71.2,72.16 2 1
gitlab.vk-golang.com/vk-golang/lectures/03_net1/99_hw/coverage/server.go:72.16,75.3 2 1
gitlab.vk-golang.com/vk-golang/lectures/03_net1/99_hw/coverage/server.go:76.2,77.16 2 1
gitlab.vk-golang.com/vk-golang/lectures/03_net1/99_hw/coverage/server.go:77.16,80.3 2 1
gitlab.vk-golang.com/vk-golang/lectures/03_net1/99_hw/coverage/server.go:81.2,87.14 5 1
gitlab.vk-golang.com/vk-golang/lectures/03_net1/99_hw/coverage/server.go:90.50,92.29 2 1
gitlab.vk-golang.com/vk-golang/lectures/03_net1/99_hw/coverage/server.go:92.29,93.21 1 1
gitlab.vk-golang.com/vk-golang/lectures/03_net1/99_hw/coverage/server.go:93.21,94.23 1 1
gitlab.vk-golang.com/vk-golang/lectures/03_net1/99_hw/coverage/server.go:94.23,96.5 1 1
gitlab.vk-golang.com/vk-golang/lectures/03_net1/99_hw/coverage/server.go:97.4,97.81 1 1
gitlab.vk-golang.com/vk-golang/lectures/03_net1/99_hw/coverage/server.go:97.81,99.13 2 1
gitlab.vk-golang.com/vk-golang/lectures/03_net1/99_hw/coverage/server.go:101.9,103.4 1 1
gitlab.vk-golang.com/vk-golang/lectures/03_net1/99_hw/coverage/server.go:106.2,107.29 2 1
gitlab.vk-golang.com/vk-golang/lectures/03_net1/99_hw/coverage/server.go:107.29,109.10 2 1
gitlab.vk-golang.com/vk-golang/lectures/03_net1/99_hw/coverage/server.go:109.10,110.12 1 1
gitlab.vk-golang.com/vk-golang/lectures/03_net1/99_hw/coverage/server.go:112.3,112.29 1 1
gitlab.vk-golang.com/vk-golang/lectures/03_net1/99_hw/coverage/server.go:115.2,115.15 1 1
gitlab.vk-golang.com/vk-golang/lectures/03_net1/99_hw/coverage/server.go:118.67,119.46 1 1
gitlab.vk-golang.com/vk-golang/lectures/03_net1/99_hw/coverage/server.go:119.46,120.18 1 1
gitlab.vk-golang.com/vk-golang/lectures/03_net1/99_hw/coverage/server.go:121.19,122.22 1 1
gitlab.vk-golang.com/vk-golang/lectures/03_net1/99_hw/coverage/server.go:123.22,124.37 1 1
gitlab.vk-golang.com/vk-golang/lectures/03_net1/99_hw/coverage/server.go:125.23,126.39 1 1
gitlab.vk-golang.com/vk-golang/lectures/03_net1/99_hw/coverage/server.go:127.24,128.41 1 1
gitlab.vk-golang.com/vk-golang/lectures/03_net1/99_hw/coverage/server.go:130.20,131.22 1 1
gitlab.vk-golang.com/vk-golang/lectures/03_net1/99_hw/coverage/server.go:132.22,133.37 1 1
gitlab.vk-golang.com/vk-golang/lectures/03_net1/99_hw/coverage/server.go:134.23,135.39 1 1
gitlab.vk-golang.com/vk-golang/lectures/03_net1/99_hw/coverage/server.go:136.24,137.41 1 1
gitlab.vk-golang.com/vk-golang/lectures/03_net1/99_hw/coverage/server.go:141.3,141.15 1 1
gitlab.vk-golang.com/vk-golang/lectures/03_net1/99_hw/coverage/server.go:144.2,144.14 1 1
gitlab.vk-golang.com/vk-golang/lectures/03_net1/99_hw/coverage/server.go:147.61,148.26 1 1
gitlab.vk-golang.com/vk-golang/lectures/03_net1/99_hw/coverage/server.go:148.26,150.17 2 1
gitlab.vk-golang.com/vk-golang/lectures/03_net1/99_hw/coverage/server.go:150.17,152.4 1 1
gitlab.vk-golang.com/vk-golang/lectures/03_net1/99_hw/coverage/server.go:154.2,155.28 2 1
gitlab.vk-golang.com/vk-golang/lectures/03_net1/99_hw/coverage/server.go:155.28,157.3 1 1
gitlab.vk-golang.com/vk-golang/lectures/03_net1/99_hw/coverage/server.go:159.2,159.32 1 1
gitlab.vk-golang.com/vk-golang/lectures/03_net1/99_hw/coverage/server.go:162.52,164.29 2 1
gitlab.vk-golang.com/vk-golang/lectures/03_net1/99_hw/coverage/server.go:164.29,166.3 1 1
gitlab.vk-golang.com/vk-golang/lectures/03_net1/99_hw/coverage/server.go:168.2,168.19 1 1
gitlab.vk-golang.com/vk-golang/lectures/03_net1/99_hw/coverage/server.go:171.53,173.30 2 1
gitlab.vk-golang.com/vk-golang/lectures/03_net1/99_hw/coverage/server.go:173.30,175.3 1 1
gitlab.vk-golang.com/vk-golang/lectures/03_net1/99_hw/coverage/server.go:177.2,177.20 1 1
gitlab.vk-golang.com/vk-golang/lectures/03_net1/99_hw/coverage/server.go:180.60,182.20 2 1
gitlab.vk-golang.com/vk-golang/lectures/03_net1/99_hw/coverage/server.go:183.51,183.51 0 1
gitlab.vk-golang.com/vk-golang/lectures/03_net1/99_hw/coverage/server.go:184.23,185.30 1 1
gitlab.vk-golang.com/vk-golang/lectures/03_net1/99_hw/coverage/server.go:186.10,187.44 1 1
gitlab.vk-golang.com/vk-golang/lectures/03_net1/99_hw/coverage/server.go:190.2,190.24 1 1
gitlab.vk-golang.com/vk-golang/lectures/03_net1/99_hw/coverage/server.go:193.54,195.47 2 1
gitlab.vk-golang.com/vk-golang/lectures/03_net1/99_hw/coverage/server.go:195.47,197.3 1 1
gitlab.vk-golang.com/vk-golang/lectures/03_net1/99_hw/coverage/server.go:199.2,199.21 1 1
gitlab.vk-golang.com/vk-golang/lectures/03_net1/99_hw/coverage/server.go:202.46,204.2 1 1
gitlab.vk-golang.com/vk-golang/lectures/03_net1/99_hw/coverage/server.go:206.33,208.16 2 1
gitlab.vk-golang.com/vk-golang/lectures/03_net1/99_hw/coverage/server.go:208.16,210.3 1 1
gitlab.vk-golang.com/vk-golang/lectures/03_net1/99_hw/coverage/server.go:211.2,214.62 3 1
gitlab.vk-golang.com/vk-golang/lectures/03_net1/99_hw/coverage/server.go:214.62,216.3 1 0
gitlab.vk-golang.com/vk-golang/lectures/03_net1/99_hw/coverage/server.go:218.2,219.35 2 1
gitlab.vk-golang.com/vk-golang/lectures/03_net1/99_hw/coverage/server.go:219.35,227.3 1 1
gitlab.vk-golang.com/vk-golang/lectures/03_net1/99_hw/coverage/server.go:229.2,229.19 1 1
gitlab.vk-golang.com/vk-golang/lectures/03_net1/99_hw/coverage/server.go:232.62,234.16 2 1
gitlab.vk-golang.com/vk-golang/lectures/03_net1/99_hw/coverage/server.go:234.16,236.3 1 0
gitlab.vk-golang.com/vk-golang/lectures/03_net1/99_hw/coverage/server.go:238.2,240.40 3 1
gitlab.vk-golang.com/vk-golang/lectures/03_net1/99_hw/coverage/server.go:240.40,243.3 2 0
gitlab.vk-golang.com/vk-golang/lectures/03_net1/99_hw/coverage/server.go:246.53,248.16 2 1
gitlab.vk-golang.com/vk-golang/lectures/03_net1/99_hw/coverage/server.go:248.16,251.3 2 0
gitlab.vk-golang.com/vk-golang/lectures/03_net1/99_hw/coverage/server.go:253.2,255.40 3 1
gitlab.vk-golang.com/vk-golang/lectures/03_net1/99_hw/coverage/server.go:255.40,258.3 2 0
gitlab.vk-golang.com/vk-golang/lectures/03_net1/99_hw/coverage/server.go:261.42,263.2 1 1
gitlab.vk-golang.com/vk-golang/lectures/03_net1/99_hw/coverage/server.go:265.50,267.16 2 1
gitlab.vk-golang.com/vk-golang/lectures/03_net1/99_hw/coverage/server.go:267.16,270.3 2 0
gitlab.vk-golang.com/vk-golang/lectures/03_net1/99_hw/coverage/server.go:272.2,274.40 3 1
gitlab.vk-golang.com/vk-golang/lectures/03_net1/99_hw/coverage/server.go:274.40,277.3 2 0
